<?xml version="1.0" encoding="UTF-8"?><testsuite errors="0" failures="0" name="com.studentapp.junit.studentsinfo.TagsTest" skipped="0" tests="2" time="4.41" timestamp="2020-03-13 08:47:00"><testcase classname="com.studentapp.junit.studentsinfo.TagsTest" name="This test will provide an error code of 400 when user tries to access an invalid resource"/><testcase classname="com.studentapp.junit.studentsinfo.TagsTest" name="Provide a 405 status code when incorrect HTTP method is used to access a resource"/></testsuite>